<?xml version="1.0" encoding="UTF-8"?>
<!-- Generated by org.testng.reporters.JUnitReportReporter -->
<testsuite hostname="LAPTOP-KBFLVL2M" failures="0" tests="2" name="qsp.orderOfExecution" time="0.010" errors="0" timestamp="2023-09-01T15:02:25 IST" skipped="0">
  <testcase classname="qsp.orderOfExecution" name="case1" time="0.003"/>
  <system-out/>
  <testcase classname="qsp.orderOfExecution" name="case1" time="0.007"/>
  <system-out/>
</testsuite> <!-- qsp.orderOfExecution -->
