<?xml version="1.0" encoding="UTF-8"?>
<!-- Generated by org.testng.reporters.JUnitReportReporter -->
<testsuite hostname="LAPTOP-KBFLVL2M" failures="0" tests="1" name="qsp.AllUrl" time="77.099" errors="0" timestamp="2023-08-06T18:23:55 IST" skipped="0">
  <testcase classname="qsp.AllUrl" name="urls" time="77.099"/>
  <system-out/>
</testsuite> <!-- qsp.AllUrl -->
