<?xml version="1.0" encoding="UTF-8"?>
<!-- Generated by org.testng.reporters.JUnitReportReporter -->
<testsuite hostname="LAPTOP-KBFLVL2M" failures="0" tests="1" name="demo.demoac" time="9.714" errors="0" timestamp="2023-05-16T13:41:55 IST" skipped="0">
  <testcase classname="demo.demoac" name="customer" time="9.714"/>
  <system-out/>
</testsuite> <!-- demo.demoac -->
