<?xml version="1.0" encoding="UTF-8"?>
<!-- Generated by org.testng.reporters.JUnitReportReporter -->
<testsuite hostname="LAPTOP-KBFLVL2M" failures="0" tests="1" name="Base.UniqueOptions" time="8.427" errors="0" timestamp="2023-10-09T20:11:18 IST" skipped="0">
  <testcase classname="Base.UniqueOptions" name="option" time="8.427"/>
  <system-out/>
</testsuite> <!-- Base.UniqueOptions -->
