<?xml version="1.0" encoding="UTF-8"?>
<!-- Generated by org.testng.reporters.JUnitReportReporter -->
<testsuite hostname="LAPTOP-KBFLVL2M" failures="0" tests="1" name="qsp.FindBy" time="28.143" errors="0" timestamp="2023-10-09T20:57:42 IST" skipped="0">
  <testcase classname="qsp.FindBy" name="open" time="28.143"/>
  <system-out/>
</testsuite> <!-- qsp.FindBy -->
