<?xml version="1.0" encoding="UTF-8"?>
<!-- Generated by org.testng.reporters.JUnitReportReporter -->
<testsuite hostname="LAPTOP-KBFLVL2M" failures="0" tests="1" name="Base.binary" time="0.011" errors="0" timestamp="2023-06-20T12:56:08 IST" skipped="0">
  <testcase classname="Base.binary" name="test" time="0.011"/>
  <system-out/>
</testsuite> <!-- Base.binary -->
