<?xml version="1.0" encoding="UTF-8"?>
<!-- Generated by org.testng.reporters.JUnitReportReporter -->
<testsuite hostname="LAPTOP-KBFLVL2M" failures="0" tests="1" name="Base.PropertyFileReading" time="0.009" errors="0" timestamp="2023-10-09T20:11:18 IST" skipped="0">
  <testcase classname="Base.PropertyFileReading" name="Property" time="0.009"/>
  <system-out/>
</testsuite> <!-- Base.PropertyFileReading -->
