<?xml version="1.0" encoding="UTF-8"?>
<!-- Generated by org.testng.reporters.JUnitReportReporter -->
<testsuite hostname="LAPTOP-KBFLVL2M" failures="0" tests="1" name="qsp.Sorting" time="0.029" errors="0" timestamp="2023-07-26T10:18:59 IST" skipped="0">
  <testcase classname="qsp.Sorting" name="case1" time="0.029"/>
  <system-out/>
</testsuite> <!-- qsp.Sorting -->
