<?xml version="1.0" encoding="UTF-8"?>
<!-- Generated by org.testng.reporters.JUnitReportReporter -->
<testsuite hostname="LAPTOP-KBFLVL2M" failures="0" tests="5" name="demo.no" time="0.008" errors="0" timestamp="2023-08-06T18:23:55 IST" skipped="0">
  <testcase classname="demo.no" name="text" time="0.002"/>
  <system-out/>
  <testcase classname="demo.no" name="text" time="0.000"/>
  <system-out/>
  <testcase classname="demo.no" name="text" time="0.006"/>
  <system-out/>
  <testcase classname="demo.no" name="hi" time="0.000"/>
  <system-out/>
  <testcase classname="demo.no" name="create" time="0.000"/>
  <system-out/>
</testsuite> <!-- demo.no -->
