<?xml version="1.0" encoding="UTF-8"?>
<!-- Generated by org.testng.reporters.JUnitReportReporter -->
<testsuite hostname="LAPTOP-KBFLVL2M" failures="0" tests="1" name="Base.Frames_tag" time="3.283" errors="0" timestamp="2023-10-09T20:11:17 IST" skipped="0">
  <testcase classname="Base.Frames_tag" name="frames" time="3.283"/>
  <system-out/>
</testsuite> <!-- Base.Frames_tag -->
