<?xml version="1.0" encoding="UTF-8"?>
<!-- Generated by org.testng.reporters.JUnitReportReporter -->
<testsuite hostname="LAPTOP-KBFLVL2M" failures="0" tests="2" name="qsp.DragdAndDrop" time="48.603" errors="0" timestamp="2023-09-01T15:02:25 IST" skipped="0">
  <testcase classname="qsp.DragdAndDrop" name="Drag" time="21.920"/>
  <system-out/>
  <testcase classname="qsp.DragdAndDrop" name="Drag" time="26.683"/>
  <system-out/>
</testsuite> <!-- qsp.DragdAndDrop -->
