<?xml version="1.0" encoding="UTF-8"?>
<!-- Generated by org.testng.reporters.JUnitReportReporter -->
<testsuite hostname="LAPTOP-KBFLVL2M" failures="0" tests="1" name="autoSug" time="19.116" errors="0" timestamp="2023-04-30T10:19:13 IST" skipped="0">
  <testcase classname="autoSug" name="vishnu" time="19.116"/>
  <system-out/>
</testsuite> <!-- autoSug -->
