<?xml version="1.0" encoding="UTF-8"?>
<!-- Generated by org.testng.reporters.JUnitReportReporter -->
<testsuite hostname="LAPTOP-KBFLVL2M" failures="0" tests="1" name="demo.screenshort" time="66.506" errors="0" timestamp="2023-08-06T18:23:55 IST" skipped="0">
  <testcase classname="demo.screenshort" name="screensho" time="66.506"/>
  <system-out/>
</testsuite> <!-- demo.screenshort -->
