<?xml version="1.0" encoding="UTF-8"?>
<!-- Generated by org.testng.reporters.JUnitReportReporter -->
<testsuite hostname="LAPTOP-KBFLVL2M" failures="0" tests="1" name="Base.screen" time="21.850" errors="0" timestamp="2023-10-09T20:11:18 IST" skipped="0">
  <testcase classname="Base.screen" name="test" time="21.850"/>
  <system-out/>
</testsuite> <!-- Base.screen -->
