<?xml version="1.0" encoding="UTF-8"?>
<!-- Generated by org.testng.reporters.JUnitReportReporter -->
<testsuite hostname="LAPTOP-KBFLVL2M" failures="0" tests="1" name="demo.Exdemo" time="28.945" errors="0" timestamp="2023-10-09T21:44:01 IST" skipped="0">
  <testcase classname="demo.Exdemo" name="main" time="28.945"/>
  <system-out/>
</testsuite> <!-- demo.Exdemo -->
