<?xml version="1.0" encoding="UTF-8"?>
<!-- Generated by org.testng.reporters.JUnitReportReporter -->
<testsuite hostname="LAPTOP-KBFLVL2M" failures="0" tests="1" name="qsp.Allignment" time="22.032" errors="0" timestamp="2023-09-12T22:22:53 IST" skipped="0">
  <testcase classname="qsp.Allignment" name="text" time="22.032"/>
  <system-out/>
</testsuite> <!-- qsp.Allignment -->
