<?xml version="1.0" encoding="UTF-8"?>
<!-- Generated by org.testng.reporters.JUnitReportReporter -->
<testsuite hostname="LAPTOP-KBFLVL2M" failures="0" tests="1" name="demo.pre" time="0.047" errors="0" timestamp="2023-04-28T11:00:44 IST" skipped="0">
  <testcase classname="demo.pre" name="create" time="0.047"/>
  <system-out>
    <![CDATA[vishnu]]>
  </system-out>
</testsuite> <!-- demo.pre -->
