<?xml version="1.0" encoding="UTF-8"?>
<!-- Generated by org.testng.reporters.JUnitReportReporter -->
<testsuite hostname="LAPTOP-KBFLVL2M" failures="0" tests="1" name="demo.list" time="64.538" errors="0" timestamp="2023-08-06T18:23:55 IST" skipped="0">
  <testcase classname="demo.list" name="listbox" time="64.538"/>
  <system-out/>
</testsuite> <!-- demo.list -->
